# JRE version: OpenJDK Runtime Environment Temurin-17.0.19+10 (17.0.19+10) (build 17.0.19+10)
# Java VM: OpenJDK 64-Bit Server VM Temurin-17.0.19+10 (17.0.19+10, mixed mode, sharing, tiered, compressed oops, compressed class ptrs, g1 gc, windows-amd64)
GC Precious Log:
 CPUs: 4 total, 4 available
 Memory: 7865M
 Large Page Support: Disabled
 NUMA Support: Disabled
 Compressed Oops: Enabled (32-bit)
 Heap Region Size: 1M
 Heap Min Capacity: 8M
 Heap Initial Capacity: 124M
 Heap Max Capacity: 1968M
 Pre-touch: Disabled
 Parallel Workers: 4
 Concurrent Workers: 1
 Concurrent Refinement Workers: 4
 Periodic GC: Disabled
Heap:
 garbage-first heap   total 55296K, used 21883K [0x0000000085000000, 0x0000000100000000)
  region size 1024K, 3 young (3072K), 2 survivors (2048K)
 Metaspace       used 34122K, committed 34496K, reserved 1114112K
  class space    used 4430K, committed 4608K, reserved 1048576K
GC Heap History (18 events):
Event: 1.123 GC heap before
{Heap before GC invocations=0 (full 0):
 garbage-first heap   total 126976K, used 15360K [0x0000000085000000, 0x0000000100000000)
  region size 1024K, 13 young (13312K), 0 survivors (0K)
 Metaspace       used 2964K, committed 3072K, reserved 1114112K
  class space    used 298K, committed 320K, reserved 1048576K
}
Event: 1.133 GC heap after
{Heap after GC invocations=1 (full 0):
 garbage-first heap   total 126976K, used 7440K [0x0000000085000000, 0x0000000100000000)
  region size 1024K, 2 young (2048K), 2 survivors (2048K)
 Metaspace       used 2964K, committed 3072K, reserved 1114112K
  class space    used 298K, committed 320K, reserved 1048576K
}
Event: 1.797 GC heap before
{Heap before GC invocations=1 (full 0):
 garbage-first heap   total 126976K, used 18704K [0x0000000085000000, 0x0000000100000000)
  region size 1024K, 13 young (13312K), 2 survivors (2048K)
 Metaspace       used 5830K, committed 6016K, reserved 1114112K
  class space    used 675K, committed 768K, reserved 1048576K
}
Event: 1.800 GC heap after
{Heap after GC invocations=2 (full 0):
 garbage-first heap   total 126976K, used 8112K [0x0000000085000000, 0x0000000100000000)
  region size 1024K, 1 young (1024K), 1 survivors (1024K)
 Metaspace       used 5830K, committed 6016K, reserved 1114112K
  class space    used 675K, committed 768K, reserved 1048576K
}
Event: 3.032 GC heap before
{Heap before GC invocations=2 (full 0):
 garbage-first heap   total 126976K, used 32688K [0x0000000085000000, 0x0000000100000000)
  region size 1024K, 26 young (26624K), 1 survivors (1024K)
 Metaspace       used 12364K, committed 12736K, reserved 1114112K
  class space    used 1623K, committed 1792K, reserved 1048576K
}
Event: 3.040 GC heap after
{Heap after GC invocations=3 (full 0):
 garbage-first heap   total 126976K, used 10137K [0x0000000085000000, 0x0000000100000000)
  region size 1024K, 3 young (3072K), 3 survivors (3072K)
 Metaspace       used 12364K, committed 12736K, reserved 1114112K
  class space    used 1623K, committed 1792K, reserved 1048576K
}
Event: 4.439 GC heap before
{Heap before GC invocations=3 (full 0):
 garbage-first heap   total 126976K, used 52121K [0x0000000085000000, 0x0000000100000000)
  region size 1024K, 46 young (47104K), 3 survivors (3072K)
 Metaspace       used 21238K, committed 21504K, reserved 1114112K
  class space    used 2748K, committed 2880K, reserved 1048576K
}
Event: 4.453 GC heap after
{Heap after GC invocations=4 (full 0):
 garbage-first heap   total 126976K, used 14522K [0x0000000085000000, 0x0000000100000000)
  region size 1024K, 7 young (7168K), 7 survivors (7168K)
 Metaspace       used 21238K, committed 21504K, reserved 1114112K
  class space    used 2748K, committed 2880K, reserved 1048576K
}
Event: 6.034 GC heap before
{Heap before GC invocations=5 (full 0):
 garbage-first heap   total 55296K, used 40122K [0x0000000085000000, 0x0000000100000000)
  region size 1024K, 32 young (32768K), 7 survivors (7168K)
 Metaspace       used 23601K, committed 23936K, reserved 1114112K
  class space    used 3061K, committed 3200K, reserved 1048576K
}
Event: 6.048 GC heap after
{Heap after GC invocations=6 (full 0):
 garbage-first heap   total 55296K, used 16460K [0x0000000085000000, 0x0000000100000000)
  region size 1024K, 3 young (3072K), 3 survivors (3072K)
 Metaspace       used 23601K, committed 23936K, reserved 1114112K
  class space    used 3061K, committed 3200K, reserved 1048576K
}
Event: 6.092 GC heap before
{Heap before GC invocations=6 (full 0):
 garbage-first heap   total 55296K, used 17484K [0x0000000085000000, 0x0000000100000000)
  region size 1024K, 4 young (4096K), 3 survivors (3072K)
 Metaspace       used 23764K, committed 24192K, reserved 1114112K
  class space    used 3079K, committed 3264K, reserved 1048576K
}
Event: 6.096 GC heap after
{Heap after GC invocations=7 (full 0):
 garbage-first heap   total 55296K, used 16816K [0x0000000085000000, 0x0000000100000000)
  region size 1024K, 1 young (1024K), 1 survivors (1024K)
 Metaspace       used 23764K, committed 24192K, reserved 1114112K
  class space    used 3079K, committed 3264K, reserved 1048576K
}
Event: 7.209 GC heap before
{Heap before GC invocations=7 (full 0):
 garbage-first heap   total 55296K, used 37296K [0x0000000085000000, 0x0000000100000000)
  region size 1024K, 22 young (22528K), 1 survivors (1024K)
 Metaspace       used 26636K, committed 27008K, reserved 1114112K
  class space    used 3467K, committed 3648K, reserved 1048576K
}
Event: 7.214 GC heap after
{Heap after GC invocations=8 (full 0):
 garbage-first heap   total 55296K, used 17879K [0x0000000085000000, 0x0000000100000000)
  region size 1024K, 2 young (2048K), 2 survivors (2048K)
 Metaspace       used 26636K, committed 27008K, reserved 1114112K
  class space    used 3467K, committed 3648K, reserved 1048576K
}
Event: 8.356 GC heap before
{Heap before GC invocations=8 (full 0):
 garbage-first heap   total 55296K, used 39383K [0x0000000085000000, 0x0000000100000000)
  region size 1024K, 23 young (23552K), 2 survivors (2048K)
 Metaspace       used 30696K, committed 31168K, reserved 1114112K
  class space    used 4049K, committed 4288K, reserved 1048576K
}
Event: 8.363 GC heap after
{Heap after GC invocations=9 (full 0):
 garbage-first heap   total 55296K, used 19912K [0x0000000085000000, 0x0000000100000000)
  region size 1024K, 3 young (3072K), 3 survivors (3072K)
 Metaspace       used 30696K, committed 31168K, reserved 1114112K
  class space    used 4049K, committed 4288K, reserved 1048576K
}
Event: 9.307 GC heap before
{Heap before GC invocations=9 (full 0):
 garbage-first heap   total 55296K, used 40392K [0x0000000085000000, 0x0000000100000000)
  region size 1024K, 23 young (23552K), 3 survivors (3072K)
 Metaspace       used 33864K, committed 34304K, reserved 1114112K
  class space    used 4408K, committed 4608K, reserved 1048576K
}
Event: 9.318 GC heap after
{Heap after GC invocations=10 (full 0):
 garbage-first heap   total 55296K, used 21883K [0x0000000085000000, 0x0000000100000000)
  region size 1024K, 2 young (2048K), 2 survivors (2048K)
 Metaspace       used 33864K, committed 34304K, reserved 1114112K
  class space    used 4408K, committed 4608K, reserved 1048576K
}

